[LogManageinit] LogManifest init warning! no use LogManifest, use input para
local time base used
2000/01/01 11:45:25.359090  135262695 000 ECU1 PFS- PFS- log info V 1 [[MSG] PerceptionFusionService Start...]
/tmp/ParkingOption.obj
m_file_descriptor:23
Size of File:344
m_p2object:0xffffac4cb000
Environment variable (KOTEI_PERF) not found.
2000/01/01 11:45:25.359858  135262702 000 ECU1 PFS- PFS- log info V 1 [[CDSlib]in  DesensitizationAlg()]
2000/01/01 11:45:25.360461  135262708 000 ECU1 PFS- PFS- log info V 1 [[PFS][CDS] ObstacleDetectionJob CDSInit start.]
2000/01/01 11:45:25.360633  135262710 000 ECU1 PFS- PFS- log info V 1 [config_path:../../CONFIG/DesensitizationService/config.yaml, _camera_path:../../CONFIG/DesensitizationService/cds_param.yaml]
2000/01/01 11:45:25.423797  135263342 000 ECU1 PFS- PFS- log info V 1 [readConfiguration 00]
2000/01/01 11:45:25.427887  135263383 000 ECU1 PFS- PFS- log info V 1 [readConfiguration end]
2000/01/01 11:45:25.429334  135263397 000 ECU1 PFS- PFS- log info V 1 [CDSProcess::init end]
2000/01/01 11:45:25.429494  135263399 000 ECU1 PFS- PFS- log info V 1 [[ai_cds] modelInit Step1: get model handle!]
[BPU_PLAT]BPU Platform Version(1.3.3)!
[HBRT] set log level as 0. version = 3.15.40.0
[DNN] Runtime version = 1.22.6_(3.15.40 HBRT)
[A][DNN][packed_model.cpp:246][Model](2000-01-01,11:45:25.842.502) [HorizonRT] The model builder version = 1.19.2
[W][DNN]bpu_model_info.cpp:498][Version](2000-01-01,11:45:25.941.721) Model: cod_j5. Inconsistency between the hbrt library version 3.15.40.0 and the model build version 3.15.33.0 detected, in order to ensure correct model results, it is recommended to use compilation tools and the BPU SDK from the same OpenExplorer package.
2000/01/01 11:45:25.946084  135268565 000 ECU1 PFS- PFS- log info V 1 [[ai_cds] modelInit step2: prepare input and output tensor]
 [E][DNN][hb_sys.cpp:55][Mem](2000-01-01,11:45:25.946.487) The alloced memory size should be greater than 0 
2000/01/01 11:45:25.946624  135268570 000 ECU1 PFS- PFS- log error V 1 [hbSysAllocCachedMem failed]
2000/01/01 11:45:25.946716  135268571 000 ECU1 PFS- PFS- log info V 1 [[PFS][CDS] ObstacleDetectionJob CDSInit done.]
2000/01/01 11:45:26.047173  135269576 000 ECU1 PFS- PFS- log debug V 1 [[PFS][CDS] ObstacleDetectionJob doLoop start.]
2000/01/01 11:45:26.047276  135269577 000 ECU1 PFS- PFS- log debug V 1 [[PFS][CDS] ObstacleDetectionJob CarmeraObstacleDetect start.]
2000/01/01 11:45:26.100759  135270111 000 ECU1 PFS- PFS- log info V 1 [[FDS]fwd_data.timestamp:0,fwd_data.picture_width:0,fwd_data.picture_hight:0]
2000/01/01 11:45:26.101002  135270114 000 ECU1 PFS- PFS- log info V 1 [ObstacleDetect begin]
2000/01/01 11:45:26.101178  135270116 000 ECU1 PFS- PFS- log error V 1 [[CDSlib] image 0 data is empty]
2000/01/01 11:45:26.101316  135270117 000 ECU1 PFS- PFS- log debug V 1 [[PFS][CDS] ObstacleDetectionJob CarmeraObstacleDetect done.]
2000/01/01 11:45:26.101412  135270118 000 ECU1 PFS- PFS- log debug V 1 [[PFS][CDS] ObstacleDetectionJob doLoop done.]
2000/01/01 11:45:26.147299  135270577 000 ECU1 PFS- PFS- log debug V 1 [[PFS][CDS] ObstacleDetectionJob doLoop start.]
2000/01/01 11:45:26.147412  135270578 000 ECU1 PFS- PFS- log debug V 1 [[PFS][CDS] ObstacleDetectionJob CarmeraObstacleDetect start.]
2000/01/01 11:45:26.165198  135270756 000 ECU1 PFS- PFS- log info V 1 [[FDS]fwd_data.timestamp:0,fwd_data.picture_width:0,fwd_data.picture_hight:0]
2000/01/01 11:45:26.165432  135270758 000 ECU1 PFS- PFS- log info V 1 [ObstacleDetect begin]
2000/01/01 11:45:26.165644  135270760 000 ECU1 PFS- PFS- log error V 1 [[CDSlib] image 0 data is empty]
2000/01/01 11:45:26.165769  135270762 000 ECU1 PFS- PFS- log debug V 1 [[PFS][CDS] ObstacleDetectionJob CarmeraObstacleDetect done.]
2000/01/01 11:45:26.165863  135270762 000 ECU1 PFS- PFS- log debug V 1 [[PFS][CDS] ObstacleDetectionJob doLoop done.]
2000/01/01 11:45:26.247412  135271578 000 ECU1 PFS- PFS- log debug V 1 [[PFS][CDS] ObstacleDetectionJob doLoop start.]
2000/01/01 11:45:26.247519  135271579 000 ECU1 PFS- PFS- log debug V 1 [[PFS][CDS] ObstacleDetectionJob CarmeraObstacleDetect start.]
2000/01/01 11:45:26.264302  135271747 000 ECU1 PFS- PFS- log info V 1 [[FDS]fwd_data.timestamp:0,fwd_data.picture_width:0,fwd_data.picture_hight:0]
2000/01/01 11:45:26.264518  135271749 000 ECU1 PFS- PFS- log info V 1 [ObstacleDetect begin]
2000/01/01 11:45:26.264647  135271750 000 ECU1 PFS- PFS- log error V 1 [[CDSlib] image 0 data is empty]
2000/01/01 11:45:26.264747  135271751 000 ECU1 PFS- PFS- log debug V 1 [[PFS][CDS] ObstacleDetectionJob CarmeraObstacleDetect done.]
2000/01/01 11:45:26.264839  135271752 000 ECU1 PFS- PFS- log debug V 1 [[PFS][CDS] ObstacleDetectionJob doLoop done.]
2000/01/01 11:45:26.347537  135272579 000 ECU1 PFS- PFS- log debug V 1 [[PFS][CDS] ObstacleDetectionJob doLoop start.]
2000/01/01 11:45:26.347648  135272580 000 ECU1 PFS- PFS- log debug V 1 [[PFS][CDS] ObstacleDetectionJob CarmeraObstacleDetect start.]
2000/01/01 11:45:26.363625  135272740 000 ECU1 PFS- PFS- log info V 1 [[FDS]fwd_data.timestamp:0,fwd_data.picture_width:0,fwd_data.picture_hight:0]
2000/01/01 11:45:26.363854  135272742 000 ECU1 PFS- PFS- log info V 1 [ObstacleDetect begin]
2000/01/01 11:45:26.363972  135272744 000 ECU1 PFS- PFS- log error V 1 [[CDSlib] image 0 data is empty]
2000/01/01 11:45:26.364069  135272745 000 ECU1 PFS- PFS- log debug V 1 [[PFS][CDS] ObstacleDetectionJob CarmeraObstacleDetect done.]
2000/01/01 11:45:26.364159  135272745 000 ECU1 PFS- PFS- log debug V 1 [[PFS][CDS] ObstacleDetectionJob doLoop done.]
2000/01/01 11:45:26.447692  135273581 000 ECU1 PFS- PFS- log debug V 1 [[PFS][CDS] ObstacleDetectionJob doLoop start.]
2000/01/01 11:45:26.447841  135273582 000 ECU1 PFS- PFS- log debug V 1 [[PFS][CDS] ObstacleDetectionJob CarmeraObstacleDetect start.]
2000/01/01 11:45:26.465621  135273760 000 ECU1 PFS- PFS- log info V 1 [[FDS]fwd_data.timestamp:0,fwd_data.picture_width:0,fwd_data.picture_hight:0]
2000/01/01 11:45:26.465843  135273762 000 ECU1 PFS- PFS- log info V 1 [ObstacleDetect begin]
2000/01/01 11:45:26.466019  135273764 000 ECU1 PFS- PFS- log error V 1 [[CDSlib] image 0 data is empty]
2000/01/01 11:45:26.466114  135273765 000 ECU1 PFS- PFS- log debug V 1 [[PFS][CDS] ObstacleDetectionJob CarmeraObstacleDetect done.]
2000/01/01 11:45:26.466200  135273766 000 ECU1 PFS- PFS- log debug V 1 [[PFS][CDS] ObstacleDetectionJob doLoop done.]
2000/01/01 11:45:26.547765  135274582 000 ECU1 PFS- PFS- log debug V 1 [[PFS][CDS] ObstacleDetectionJob doLoop start.]
2000/01/01 11:45:26.547866  135274583 000 ECU1 PFS- PFS- log debug V 1 [[PFS][CDS] ObstacleDetectionJob CarmeraObstacleDetect start.]
2000/01/01 11:45:26.564775  135274752 000 ECU1 PFS- PFS- log info V 1 [[FDS]fwd_data.timestamp:0,fwd_data.picture_width:0,fwd_data.picture_hight:0]
2000/01/01 11:45:26.564984  135274754 000 ECU1 PFS- PFS- log info V 1 [ObstacleDetect begin]
2000/01/01 11:45:26.565085  135274755 000 ECU1 PFS- PFS- log error V 1 [[CDSlib] image 0 data is empty]
2000/01/01 11:45:26.565175  135274756 000 ECU1 PFS- PFS- log debug V 1 [[PFS][CDS] ObstacleDetectionJob CarmeraObstacleDetect done.]
2000/01/01 11:45:26.565260  135274756 000 ECU1 PFS- PFS- log debug V 1 [[PFS][CDS] ObstacleDetectionJob doLoop done.]
2000/01/01 11:45:26.647882  135275583 000 ECU1 PFS- PFS- log debug V 1 [[PFS][CDS] ObstacleDetectionJob doLoop start.]
2000/01/01 11:45:26.647983  135275584 000 ECU1 PFS- PFS- log debug V 1 [[PFS][CDS] ObstacleDetectionJob CarmeraObstacleDetect start.]
2000/01/01 11:45:26.664655  135275750 000 ECU1 PFS- PFS- log info V 1 [[FDS]fwd_data.timestamp:0,fwd_data.picture_width:0,fwd_data.picture_hight:0]
2000/01/01 11:45:26.664877  135275753 000 ECU1 PFS- PFS- log info V 1 [ObstacleDetect begin]
2000/01/01 11:45:26.664980  135275754 000 ECU1 PFS- PFS- log error V 1 [[CDSlib] image 0 data is empty]
2000/01/01 11:45:26.665084  135275755 000 ECU1 PFS- PFS- log debug V 1 [[PFS][CDS] ObstacleDetectionJob CarmeraObstacleDetect done.]
2000/01/01 11:45:26.665170  135275756 000 ECU1 PFS- PFS- log debug V 1 [[PFS][CDS] ObstacleDetectionJob doLoop done.]
2000/01/01 11:45:26.747995  135276584 000 ECU1 PFS- PFS- log debug V 1 [[PFS][CDS] ObstacleDetectionJob doLoop start.]
2000/01/01 11:45:26.748095  135276585 000 ECU1 PFS- PFS- log debug V 1 [[PFS][CDS] ObstacleDetectionJob CarmeraObstacleDetect start.]
2000/01/01 11:45:26.764698  135276751 000 ECU1 PFS- PFS- log info V 1 [[FDS]fwd_data.timestamp:0,fwd_data.picture_width:0,fwd_data.picture_hight:0]
2000/01/01 11:45:26.764917  135276753 000 ECU1 PFS- PFS- log info V 1 [ObstacleDetect begin]
2000/01/01 11:45:26.765017  135276754 000 ECU1 PFS- PFS- log error V 1 [[CDSlib] image 0 data is empty]
2000/01/01 11:45:26.765109  135276755 000 ECU1 PFS- PFS- log debug V 1 [[PFS][CDS] ObstacleDetectionJob CarmeraObstacleDetect done.]
2000/01/01 11:45:26.765194  135276756 000 ECU1 PFS- PFS- log debug V 1 [[PFS][CDS] ObstacleDetectionJob doLoop done.]
2000/01/01 11:45:26.848117  135277585 000 ECU1 PFS- PFS- log debug V 1 [[PFS][CDS] ObstacleDetectionJob doLoop start.]
2000/01/01 11:45:26.848220  135277586 000 ECU1 PFS- PFS- log debug V 1 [[PFS][CDS] ObstacleDetectionJob CarmeraObstacleDetect start.]
2000/01/01 11:45:26.864522  135277749 000 ECU1 PFS- PFS- log info V 1 [[FDS]fwd_data.timestamp:0,fwd_data.picture_width:0,fwd_data.picture_hight:0]
2000/01/01 11:45:26.864742  135277751 000 ECU1 PFS- PFS- log info V 1 [ObstacleDetect begin]
2000/01/01 11:45:26.864843  135277752 000 ECU1 PFS- PFS- log error V 1 [[CDSlib] image 0 data is empty]
2000/01/01 11:45:26.864934  135277753 000 ECU1 PFS- PFS- log debug V 1 [[PFS][CDS] ObstacleDetectionJob CarmeraObstacleDetect done.]
2000/01/01 11:45:26.865020  135277754 000 ECU1 PFS- PFS- log debug V 1 [[PFS][CDS] ObstacleDetectionJob doLoop done.]
2000/01/01 11:45:26.948236  135278586 000 ECU1 PFS- PFS- log debug V 1 [[PFS][CDS] ObstacleDetectionJob doLoop start.]
2000/01/01 11:45:26.948339  135278587 000 ECU1 PFS- PFS- log debug V 1 [[PFS][CDS] ObstacleDetectionJob CarmeraObstacleDetect start.]
2000/01/01 11:45:26.964948  135278753 000 ECU1 PFS- PFS- log info V 1 [[FDS]fwd_data.timestamp:0,fwd_data.picture_width:0,fwd_data.picture_hight:0]
2000/01/01 11:45:26.965157  135278755 000 ECU1 PFS- PFS- log info V 1 [ObstacleDetect begin]
2000/01/01 11:45:26.965258  135278756 000 ECU1 PFS- PFS- log error V 1 [[CDSlib] image 0 data is empty]
2000/01/01 11:45:26.965349  135278757 000 ECU1 PFS- PFS- log debug V 1 [[PFS][CDS] ObstacleDetectionJob CarmeraObstacleDetect done.]
2000/01/01 11:45:26.965433  135278758 000 ECU1 PFS- PFS- log debug V 1 [[PFS][CDS] ObstacleDetectionJob doLoop done.]
2000/01/01 11:45:27.048353  135279587 000 ECU1 PFS- PFS- log debug V 1 [[PFS][CDS] ObstacleDetectionJob doLoop start.]
2000/01/01 11:45:27.048458  135279588 000 ECU1 PFS- PFS- log debug V 1 [[PFS][CDS] ObstacleDetectionJob CarmeraObstacleDetect start.]
2000/01/01 11:45:27.065698  135279761 000 ECU1 PFS- PFS- log info V 1 [[FDS]fwd_data.timestamp:0,fwd_data.picture_width:0,fwd_data.picture_hight:0]
2000/01/01 11:45:27.065901  135279763 000 ECU1 PFS- PFS- log info V 1 [ObstacleDetect begin]
2000/01/01 11:45:27.066002  135279764 000 ECU1 PFS- PFS- log error V 1 [[CDSlib] image 0 data is empty]
2000/01/01 11:45:27.066140  135279765 000 ECU1 PFS- PFS- log debug V 1 [[PFS][CDS] ObstacleDetectionJob CarmeraObstacleDetect done.]
2000/01/01 11:45:27.066230  135279766 000 ECU1 PFS- PFS- log debug V 1 [[PFS][CDS] ObstacleDetectionJob doLoop done.]
2000/01/01 11:45:27.148467  135280589 000 ECU1 PFS- PFS- log debug V 1 [[PFS][CDS] ObstacleDetectionJob doLoop start.]
2000/01/01 11:45:27.148571  135280590 000 ECU1 PFS- PFS- log debug V 1 [[PFS][CDS] ObstacleDetectionJob CarmeraObstacleDetect start.]
2000/01/01 11:45:27.164832  135280752 000 ECU1 PFS- PFS- log info V 1 [[FDS]fwd_data.timestamp:0,fwd_data.picture_width:0,fwd_data.picture_hight:0]
2000/01/01 11:45:27.165037  135280754 000 ECU1 PFS- PFS- log info V 1 [ObstacleDetect begin]
2000/01/01 11:45:27.165137  135280755 000 ECU1 PFS- PFS- log error V 1 [[CDSlib] image 0 data is empty]
2000/01/01 11:45:27.165227  135280756 000 ECU1 PFS- PFS- log debug V 1 [[PFS][CDS] ObstacleDetectionJob CarmeraObstacleDetect done.]
2000/01/01 11:45:27.165312  135280757 000 ECU1 PFS- PFS- log debug V 1 [[PFS][CDS] ObstacleDetectionJob doLoop done.]
2000/01/01 11:45:27.248588  135281590 000 ECU1 PFS- PFS- log debug V 1 [[PFS][CDS] ObstacleDetectionJob doLoop start.]
2000/01/01 11:45:27.248693  135281591 000 ECU1 PFS- PFS- log debug V 1 [[PFS][CDS] ObstacleDetectionJob CarmeraObstacleDetect start.]
2000/01/01 11:45:27.265538  135281759 000 ECU1 PFS- PFS- log info V 1 [[FDS]fwd_data.timestamp:0,fwd_data.picture_width:0,fwd_data.picture_hight:0]
2000/01/01 11:45:27.265798  135281762 000 ECU1 PFS- PFS- log info V 1 [ObstacleDetect begin]
2000/01/01 11:45:27.265899  135281763 000 ECU1 PFS- PFS- log error V 1 [[CDSlib] image 0 data is empty]
2000/01/01 11:45:27.265989  135281764 000 ECU1 PFS- PFS- log debug V 1 [[PFS][CDS] ObstacleDetectionJob CarmeraObstacleDetect done.]
2000/01/01 11:45:27.266074  135281765 000 ECU1 PFS- PFS- log debug V 1 [[PFS][CDS] ObstacleDetectionJob doLoop done.]
2000/01/01 11:45:27.348700  135282591 000 ECU1 PFS- PFS- log debug V 1 [[PFS][CDS] ObstacleDetectionJob doLoop start.]
2000/01/01 11:45:27.348801  135282592 000 ECU1 PFS- PFS- log debug V 1 [[PFS][CDS] ObstacleDetectionJob CarmeraObstacleDetect start.]
2000/01/01 11:45:27.365563  135282760 000 ECU1 PFS- PFS- log info V 1 [[FDS]fwd_data.timestamp:0,fwd_data.picture_width:0,fwd_data.picture_hight:0]
2000/01/01 11:45:27.365801  135282762 000 ECU1 PFS- PFS- log info V 1 [ObstacleDetect begin]
2000/01/01 11:45:27.366031  135282764 000 ECU1 PFS- PFS- log error V 1 [[CDSlib] image 0 data is empty]
2000/01/01 11:45:27.366131  135282765 000 ECU1 PFS- PFS- log debug V 1 [[PFS][CDS] ObstacleDetectionJob CarmeraObstacleDetect done.]
2000/01/01 11:45:27.366218  135282766 000 ECU1 PFS- PFS- log debug V 1 [[PFS][CDS] ObstacleDetectionJob doLoop done.]
2000/01/01 11:45:27.448817  135283592 000 ECU1 PFS- PFS- log debug V 1 [[PFS][CDS] ObstacleDetectionJob doLoop start.]
2000/01/01 11:45:27.448916  135283593 000 ECU1 PFS- PFS- log debug V 1 [[PFS][CDS] ObstacleDetectionJob CarmeraObstacleDetect start.]
2000/01/01 11:45:27.465467  135283759 000 ECU1 PFS- PFS- log info V 1 [[FDS]fwd_data.timestamp:0,fwd_data.picture_width:0,fwd_data.picture_hight:0]
2000/01/01 11:45:27.465736  135283761 000 ECU1 PFS- PFS- log info V 1 [ObstacleDetect begin]
2000/01/01 11:45:27.465842  135283762 000 ECU1 PFS- PFS- log error V 1 [[CDSlib] image 0 data is empty]
2000/01/01 11:45:27.465932  135283763 000 ECU1 PFS- PFS- log debug V 1 [[PFS][CDS] ObstacleDetectionJob CarmeraObstacleDetect done.]
2000/01/01 11:45:27.466018  135283764 000 ECU1 PFS- PFS- log debug V 1 [[PFS][CDS] ObstacleDetectionJob doLoop done.]
2000/01/01 11:45:27.548929  135284593 000 ECU1 PFS- PFS- log debug V 1 [[PFS][CDS] ObstacleDetectionJob doLoop start.]
2000/01/01 11:45:27.549029  135284594 000 ECU1 PFS- PFS- log debug V 1 [[PFS][CDS] ObstacleDetectionJob CarmeraObstacleDetect start.]
2000/01/01 11:45:27.565694  135284761 000 ECU1 PFS- PFS- log info V 1 [[FDS]fwd_data.timestamp:0,fwd_data.picture_width:0,fwd_data.picture_hight:0]
2000/01/01 11:45:27.565908  135284763 000 ECU1 PFS- PFS- log info V 1 [ObstacleDetect begin]
2000/01/01 11:45:27.566022  135284764 000 ECU1 PFS- PFS- log error V 1 [[CDSlib] image 0 data is empty]
2000/01/01 11:45:27.566113  135284765 000 ECU1 PFS- PFS- log debug V 1 [[PFS][CDS] ObstacleDetectionJob CarmeraObstacleDetect done.]
2000/01/01 11:45:27.566198  135284766 000 ECU1 PFS- PFS- log debug V 1 [[PFS][CDS] ObstacleDetectionJob doLoop done.]
2000/01/01 11:45:27.649050  135285594 000 ECU1 PFS- PFS- log debug V 1 [[PFS][CDS] ObstacleDetectionJob doLoop start.]
2000/01/01 11:45:27.649152  135285595 000 ECU1 PFS- PFS- log debug V 1 [[PFS][CDS] ObstacleDetectionJob CarmeraObstacleDetect start.]
2000/01/01 11:45:27.665883  135285763 000 ECU1 PFS- PFS- log info V 1 [[FDS]fwd_data.timestamp:0,fwd_data.picture_width:0,fwd_data.picture_hight:0]
2000/01/01 11:45:27.666099  135285765 000 ECU1 PFS- PFS- log info V 1 [ObstacleDetect begin]
2000/01/01 11:45:27.666199  135285766 000 ECU1 PFS- PFS- log error V 1 [[CDSlib] image 0 data is empty]
2000/01/01 11:45:27.666359  135285767 000 ECU1 PFS- PFS- log debug V 1 [[PFS][CDS] ObstacleDetectionJob CarmeraObstacleDetect done.]
2000/01/01 11:45:27.666448  135285768 000 ECU1 PFS- PFS- log debug V 1 [[PFS][CDS] ObstacleDetectionJob doLoop done.]
2000/01/01 11:45:27.749165  135286596 000 ECU1 PFS- PFS- log debug V 1 [[PFS][CDS] ObstacleDetectionJob doLoop start.]
2000/01/01 11:45:27.749267  135286597 000 ECU1 PFS- PFS- log debug V 1 [[PFS][CDS] ObstacleDetectionJob CarmeraObstacleDetect start.]
2000/01/01 11:45:27.765608  135286760 000 ECU1 PFS- PFS- log info V 1 [[FDS]fwd_data.timestamp:0,fwd_data.picture_width:0,fwd_data.picture_hight:0]
2000/01/01 11:45:27.765839  135286762 000 ECU1 PFS- PFS- log info V 1 [ObstacleDetect begin]
2000/01/01 11:45:27.765940  135286763 000 ECU1 PFS- PFS- log error V 1 [[CDSlib] image 0 data is empty]
2000/01/01 11:45:27.766031  135286764 000 ECU1 PFS- PFS- log debug V 1 [[PFS][CDS] ObstacleDetectionJob CarmeraObstacleDetect done.]
2000/01/01 11:45:27.766116  135286765 000 ECU1 PFS- PFS- log debug V 1 [[PFS][CDS] ObstacleDetectionJob doLoop done.]
2000/01/01 11:45:27.849282  135287597 000 ECU1 PFS- PFS- log debug V 1 [[PFS][CDS] ObstacleDetectionJob doLoop start.]
2000/01/01 11:45:27.849384  135287598 000 ECU1 PFS- PFS- log debug V 1 [[PFS][CDS] ObstacleDetectionJob CarmeraObstacleDetect start.]
2000/01/01 11:45:27.865784  135287762 000 ECU1 PFS- PFS- log info V 1 [[FDS]fwd_data.timestamp:0,fwd_data.picture_width:0,fwd_data.picture_hight:0]
2000/01/01 11:45:27.866032  135287764 000 ECU1 PFS- PFS- log info V 1 [ObstacleDetect begin]
2000/01/01 11:45:27.866332  135287767 000 ECU1 PFS- PFS- log error V 1 [[CDSlib] image 0 data is empty]
2000/01/01 11:45:27.866431  135287768 000 ECU1 PFS- PFS- log debug V 1 [[PFS][CDS] ObstacleDetectionJob CarmeraObstacleDetect done.]
2000/01/01 11:45:27.866518  135287769 000 ECU1 PFS- PFS- log debug V 1 [[PFS][CDS] ObstacleDetectionJob doLoop done.]
2000/01/01 11:45:27.949401  135288598 000 ECU1 PFS- PFS- log debug V 1 [[PFS][CDS] ObstacleDetectionJob doLoop start.]
2000/01/01 11:45:27.949503  135288599 000 ECU1 PFS- PFS- log debug V 1 [[PFS][CDS] ObstacleDetectionJob CarmeraObstacleDetect start.]
2000/01/01 11:45:27.966002  135288764 000 ECU1 PFS- PFS- log info V 1 [[FDS]fwd_data.timestamp:0,fwd_data.picture_width:0,fwd_data.picture_hight:0]
2000/01/01 11:45:27.966219  135288766 000 ECU1 PFS- PFS- log info V 1 [ObstacleDetect begin]
2000/01/01 11:45:27.966323  135288767 000 ECU1 PFS- PFS- log error V 1 [[CDSlib] image 0 data is empty]
2000/01/01 11:45:27.966412  135288768 000 ECU1 PFS- PFS- log debug V 1 [[PFS][CDS] ObstacleDetectionJob CarmeraObstacleDetect done.]
2000/01/01 11:45:27.966496  135288769 000 ECU1 PFS- PFS- log debug V 1 [[PFS][CDS] ObstacleDetectionJob doLoop done.]
2000/01/01 11:45:28.049519  135289599 000 ECU1 PFS- PFS- log debug V 1 [[PFS][CDS] ObstacleDetectionJob doLoop start.]
2000/01/01 11:45:28.049664  135289601 000 ECU1 PFS- PFS- log debug V 1 [[PFS][CDS] ObstacleDetectionJob CarmeraObstacleDetect start.]
2000/01/01 11:45:28.066371  135289768 000 ECU1 PFS- PFS- log info V 1 [[FDS]fwd_data.timestamp:0,fwd_data.picture_width:0,fwd_data.picture_hight:0]
2000/01/01 11:45:28.066619  135289770 000 ECU1 PFS- PFS- log info V 1 [ObstacleDetect begin]
2000/01/01 11:45:28.066724  135289771 000 ECU1 PFS- PFS- log error V 1 [[CDSlib] image 0 data is empty]
2000/01/01 11:45:28.066861  135289772 000 ECU1 PFS- PFS- log debug V 1 [[PFS][CDS] ObstacleDetectionJob CarmeraObstacleDetect done.]
2000/01/01 11:45:28.066951  135289773 000 ECU1 PFS- PFS- log debug V 1 [[PFS][CDS] ObstacleDetectionJob doLoop done.]
2000/01/01 11:45:28.149674  135290601 000 ECU1 PFS- PFS- log debug V 1 [[PFS][CDS] ObstacleDetectionJob doLoop start.]
2000/01/01 11:45:28.149779  135290602 000 ECU1 PFS- PFS- log debug V 1 [[PFS][CDS] ObstacleDetectionJob CarmeraObstacleDetect start.]
^C
